This file contains any messages produced by compilers while
running configure, to aid debugging if configure makes a mistake.

It was created by configure, which was
generated by GNU Autoconf 2.54.  Invocation command line was

  $ ./configure 

## --------- ##
## Platform. ##
## --------- ##

hostname = ashaka
uname -m = x86_64
uname -r = 2.6.31-16-generic
uname -s = Linux
uname -v = #53-Ubuntu SMP Tue Dec 8 04:02:15 UTC 2009

/usr/bin/uname -p = unknown
/bin/uname -X     = unknown

/bin/arch              = unknown
/usr/bin/arch -k       = unknown
/usr/convex/getsysinfo = unknown
hostinfo               = unknown
/bin/machine           = unknown
/usr/bin/oslevel       = unknown
/bin/universe          = unknown

PATH: /usr/lib/ccache
PATH: /home/tito/bin
PATH: /usr/local/sbin
PATH: /usr/local/bin
PATH: /usr/sbin
PATH: /usr/bin
PATH: /sbin
PATH: /bin
PATH: /usr/games


## ----------- ##
## Core tests. ##
## ----------- ##

configure:1289: checking for gcc
configure:1305: found /usr/lib/ccache/gcc
configure:1315: result: gcc
configure:1557: checking for C compiler version
configure:1560: gcc --version </dev/null >&5
gcc (Ubuntu 4.4.1-4ubuntu9) 4.4.1
Copyright (C) 2009 Free Software Foundation, Inc.
This is free software; see the source for copying conditions.  There is NO
warranty; not even for MERCHANTABILITY or FITNESS FOR A PARTICULAR PURPOSE.

configure:1563: $? = 0
configure:1565: gcc -v </dev/null >&5
Using built-in specs.
Target: x86_64-linux-gnu
Configured with: ../src/configure -v --with-pkgversion='Ubuntu 4.4.1-4ubuntu9' --with-bugurl=file:///usr/share/doc/gcc-4.4/README.Bugs --enable-languages=c,c++,fortran,objc,obj-c++ --prefix=/usr --enable-shared --enable-multiarch --enable-linker-build-id --with-system-zlib --libexecdir=/usr/lib --without-included-gettext --enable-threads=posix --with-gxx-include-dir=/usr/include/c++/4.4 --program-suffix=-4.4 --enable-nls --enable-clocale=gnu --enable-libstdcxx-debug --enable-objc-gc --disable-werror --with-arch-32=i486 --with-tune=generic --enable-checking=release --build=x86_64-linux-gnu --host=x86_64-linux-gnu --target=x86_64-linux-gnu
Thread model: posix
gcc version 4.4.1 (Ubuntu 4.4.1-4ubuntu9) 
configure:1568: $? = 0
configure:1570: gcc -V </dev/null >&5
gcc: '-V' option must have argument
configure:1573: $? = 1
configure:1593: checking for C compiler default output
configure:1596: gcc    conftest.c  >&5
configure:1599: $? = 0
configure:1633: result: a.out
configure:1638: checking whether the C compiler works
configure:1644: ./a.out
configure:1647: $? = 0
configure:1662: result: yes
configure:1669: checking whether we are cross compiling
configure:1671: result: no
configure:1674: checking for suffix of executables
configure:1676: gcc -o conftest    conftest.c  >&5
configure:1679: $? = 0
configure:1702: result: 
configure:1708: checking for suffix of object files
configure:1726: gcc -c   conftest.c >&5
configure:1729: $? = 0
configure:1748: result: o
configure:1752: checking whether we are using the GNU C compiler
configure:1773: gcc -c   conftest.c >&5
configure:1776: $? = 0
configure:1779: test -s conftest.o
configure:1782: $? = 0
configure:1794: result: yes
configure:1800: checking whether gcc accepts -g
configure:1818: gcc -c -g  conftest.c >&5
configure:1821: $? = 0
configure:1824: test -s conftest.o
configure:1827: $? = 0
configure:1837: result: yes
configure:1854: checking for gcc option to accept ANSI C
configure:1911: gcc  -c   conftest.c >&5
configure:1914: $? = 0
configure:1917: test -s conftest.o
configure:1920: $? = 0
configure:1937: result: none needed
configure:1955: gcc -c   conftest.c >&5
conftest.c:2: error: expected '=', ',', ';', 'asm' or '__attribute__' before 'me'
configure:1958: $? = 1
configure: failed program was:
#ifndef __cplusplus
  choke me
#endif
configure:2056: checking whether make sets ${MAKE}
configure:2076: result: yes
configure:2126: checking for ranlib
configure:2142: found /usr/bin/ranlib
configure:2153: result: ranlib
configure:2174: checking how to run the C preprocessor
configure:2200: gcc -E  conftest.c
configure:2206: $? = 0
configure:2233: gcc -E  conftest.c
configure:2229:28: error: ac_nonexistent.h: No such file or directory
configure:2239: $? = 1
configure: failed program was:
#line 2228 "configure"
#include "confdefs.h"
#include <ac_nonexistent.h>
configure:2276: result: gcc -E
configure:2291: gcc -E  conftest.c
configure:2297: $? = 0
configure:2324: gcc -E  conftest.c
configure:2320:28: error: ac_nonexistent.h: No such file or directory
configure:2330: $? = 1
configure: failed program was:
#line 2319 "configure"
#include "confdefs.h"
#include <ac_nonexistent.h>
configure:2370: checking for egrep
configure:2380: result: grep -E
configure:2385: checking for ANSI C header files
configure:2399: gcc -E  conftest.c
configure:2405: $? = 0
configure:2492: gcc -o conftest    conftest.c  >&5
configure: In function 'main':
configure:2483: warning: incompatible implicit declaration of built-in function 'exit'
configure:2495: $? = 0
configure:2497: ./conftest
configure:2500: $? = 0
configure:2514: result: yes
configure:2538: checking for sys/types.h
configure:2551: gcc -c   conftest.c >&5
configure:2554: $? = 0
configure:2557: test -s conftest.o
configure:2560: $? = 0
configure:2570: result: yes
configure:2538: checking for sys/stat.h
configure:2551: gcc -c   conftest.c >&5
configure:2554: $? = 0
configure:2557: test -s conftest.o
configure:2560: $? = 0
configure:2570: result: yes
configure:2538: checking for stdlib.h
configure:2551: gcc -c   conftest.c >&5
configure:2554: $? = 0
configure:2557: test -s conftest.o
configure:2560: $? = 0
configure:2570: result: yes
configure:2538: checking for string.h
configure:2551: gcc -c   conftest.c >&5
configure:2554: $? = 0
configure:2557: test -s conftest.o
configure:2560: $? = 0
configure:2570: result: yes
configure:2538: checking for memory.h
configure:2551: gcc -c   conftest.c >&5
configure:2554: $? = 0
configure:2557: test -s conftest.o
configure:2560: $? = 0
configure:2570: result: yes
configure:2538: checking for strings.h
configure:2551: gcc -c   conftest.c >&5
configure:2554: $? = 0
configure:2557: test -s conftest.o
configure:2560: $? = 0
configure:2570: result: yes
configure:2538: checking for inttypes.h
configure:2551: gcc -c   conftest.c >&5
configure:2554: $? = 0
configure:2557: test -s conftest.o
configure:2560: $? = 0
configure:2570: result: yes
configure:2538: checking for stdint.h
configure:2551: gcc -c   conftest.c >&5
configure:2554: $? = 0
configure:2557: test -s conftest.o
configure:2560: $? = 0
configure:2570: result: yes
configure:2538: checking for unistd.h
configure:2551: gcc -c   conftest.c >&5
configure:2554: $? = 0
configure:2557: test -s conftest.o
configure:2560: $? = 0
configure:2570: result: yes
configure:2605: checking arpa/inet.h usability
configure:2614: gcc -c   conftest.c >&5
configure:2617: $? = 0
configure:2620: test -s conftest.o
configure:2623: $? = 0
configure:2632: result: yes
configure:2636: checking arpa/inet.h presence
configure:2643: gcc -E  conftest.c
configure:2649: $? = 0
configure:2667: result: yes
configure:2685: checking for arpa/inet.h
configure:2692: result: yes
configure:2605: checking fcntl.h usability
configure:2614: gcc -c   conftest.c >&5
configure:2617: $? = 0
configure:2620: test -s conftest.o
configure:2623: $? = 0
configure:2632: result: yes
configure:2636: checking fcntl.h presence
configure:2643: gcc -E  conftest.c
configure:2649: $? = 0
configure:2667: result: yes
configure:2685: checking for fcntl.h
configure:2692: result: yes
configure:2605: checking limits.h usability
configure:2614: gcc -c   conftest.c >&5
configure:2617: $? = 0
configure:2620: test -s conftest.o
configure:2623: $? = 0
configure:2632: result: yes
configure:2636: checking limits.h presence
configure:2643: gcc -E  conftest.c
configure:2649: $? = 0
configure:2667: result: yes
configure:2685: checking for limits.h
configure:2692: result: yes
configure:2605: checking netinet/in.h usability
configure:2614: gcc -c   conftest.c >&5
configure:2617: $? = 0
configure:2620: test -s conftest.o
configure:2623: $? = 0
configure:2632: result: yes
configure:2636: checking netinet/in.h presence
configure:2643: gcc -E  conftest.c
configure:2649: $? = 0
configure:2667: result: yes
configure:2685: checking for netinet/in.h
configure:2692: result: yes
configure:2605: checking stddef.h usability
configure:2614: gcc -c   conftest.c >&5
configure:2617: $? = 0
configure:2620: test -s conftest.o
configure:2623: $? = 0
configure:2632: result: yes
configure:2636: checking stddef.h presence
configure:2643: gcc -E  conftest.c
configure:2649: $? = 0
configure:2667: result: yes
configure:2685: checking for stddef.h
configure:2692: result: yes
configure:2596: checking for stdlib.h
configure:2601: result: yes
configure:2596: checking for string.h
configure:2601: result: yes
configure:2605: checking sys/socket.h usability
configure:2614: gcc -c   conftest.c >&5
configure:2617: $? = 0
configure:2620: test -s conftest.o
configure:2623: $? = 0
configure:2632: result: yes
configure:2636: checking sys/socket.h presence
configure:2643: gcc -E  conftest.c
configure:2649: $? = 0
configure:2667: result: yes
configure:2685: checking for sys/socket.h
configure:2692: result: yes
configure:2605: checking sys/time.h usability
configure:2614: gcc -c   conftest.c >&5
configure:2617: $? = 0
configure:2620: test -s conftest.o
configure:2623: $? = 0
configure:2632: result: yes
configure:2636: checking sys/time.h presence
configure:2643: gcc -E  conftest.c
configure:2649: $? = 0
configure:2667: result: yes
configure:2685: checking for sys/time.h
configure:2692: result: yes
configure:2596: checking for unistd.h
configure:2601: result: yes
configure:2739: checking for an ANSI C-conforming const
configure:2803: gcc -c   conftest.c >&5
configure:2806: $? = 0
configure:2809: test -s conftest.o
configure:2812: $? = 0
configure:2822: result: yes
configure:2832: checking for size_t
configure:2853: gcc -c   conftest.c >&5
configure:2856: $? = 0
configure:2859: test -s conftest.o
configure:2862: $? = 0
configure:2872: result: yes
configure:2884: checking whether time.h and sys/time.h may both be included
configure:2906: gcc -c   conftest.c >&5
configure:2909: $? = 0
configure:2912: test -s conftest.o
configure:2915: $? = 0
configure:2925: result: yes
configure:2935: checking whether struct tm is in sys/time.h or time.h
configure:2955: gcc -c   conftest.c >&5
configure:2958: $? = 0
configure:2961: test -s conftest.o
configure:2964: $? = 0
configure:2974: result: time.h
configure:2990: checking for stdlib.h
configure:2995: result: yes
configure:3099: checking for working malloc
configure:3125: gcc -o conftest    conftest.c  >&5
configure:3128: $? = 0
configure:3130: ./conftest
configure:3133: $? = 0
configure:3146: result: yes
configure:3169: checking for working memcmp
configure:3214: gcc -o conftest    conftest.c  >&5
configure: In function 'main':
configure:3186: warning: incompatible implicit declaration of built-in function 'exit'
configure:3199: warning: incompatible implicit declaration of built-in function 'strcpy'
configure:3217: $? = 0
configure:3219: ./conftest
configure:3222: $? = 0
configure:3235: result: yes
configure:3244: checking for stdlib.h
configure:3249: result: yes
configure:3353: checking for working realloc
configure:3379: gcc -o conftest    conftest.c  >&5
configure:3382: $? = 0
configure:3384: ./conftest
configure:3387: $? = 0
configure:3400: result: yes
configure:3423: checking return type of signal handlers
configure:3451: gcc -c   conftest.c >&5
configure:3454: $? = 0
configure:3457: test -s conftest.o
configure:3460: $? = 0
configure:3470: result: void
configure:3482: checking for strftime
configure:3519: gcc -o conftest    conftest.c  >&5
configure:3497: warning: conflicting types for built-in function 'strftime'
configure:3522: $? = 0
configure:3525: test -s conftest
configure:3528: $? = 0
configure:3538: result: yes
configure:3611: checking for vprintf
configure:3648: gcc -o conftest    conftest.c  >&5
configure:3626: warning: conflicting types for built-in function 'vprintf'
configure:3651: $? = 0
configure:3654: test -s conftest
configure:3657: $? = 0
configure:3667: result: yes
configure:3674: checking for _doprnt
configure:3711: gcc -o conftest    conftest.c  >&5
/tmp/ccQkrmxU.o: In function `main':
conftest.c:(.text+0xb): undefined reference to `_doprnt'
collect2: ld returned 1 exit status
configure:3714: $? = 1
configure: failed program was:
#line 3679 "configure"
#include "confdefs.h"
/* System header to define __stub macros and hopefully few prototypes,
    which can conflict with char _doprnt (); below.  */
#include <assert.h>
/* Override any gcc2 internal prototype to avoid an error.  */
#ifdef __cplusplus
extern "C"
#endif
/* We use char because int might match the return type of a gcc2
   builtin and then its argument prototype would still apply.  */
char _doprnt ();
char (*f) ();

int
main ()
{
/* The GNU C library defines this for functions which it implements
    to always fail with ENOSYS.  Some functions are actually named
    something starting with __ and the normal name is an alias.  */
#if defined (__stub__doprnt) || defined (__stub____doprnt)
choke me
#else
f = _doprnt;
#endif

  ;
  return 0;
}
configure:3730: result: no
configure:3756: checking for inet_ntoa
configure:3793: gcc -o conftest    conftest.c  >&5
configure:3796: $? = 0
configure:3799: test -s conftest
configure:3802: $? = 0
configure:3812: result: yes
configure:3756: checking for memset
configure:3793: gcc -o conftest    conftest.c  >&5
configure:3771: warning: conflicting types for built-in function 'memset'
configure:3796: $? = 0
configure:3799: test -s conftest
configure:3802: $? = 0
configure:3812: result: yes
configure:3756: checking for select
configure:3793: gcc -o conftest    conftest.c  >&5
configure:3796: $? = 0
configure:3799: test -s conftest
configure:3802: $? = 0
configure:3812: result: yes
configure:3756: checking for socket
configure:3793: gcc -o conftest    conftest.c  >&5
configure:3796: $? = 0
configure:3799: test -s conftest
configure:3802: $? = 0
configure:3812: result: yes
configure:3756: checking for strchr
configure:3793: gcc -o conftest    conftest.c  >&5
configure:3771: warning: conflicting types for built-in function 'strchr'
configure:3796: $? = 0
configure:3799: test -s conftest
configure:3802: $? = 0
configure:3812: result: yes
configure:3756: checking for strerror
configure:3793: gcc -o conftest    conftest.c  >&5
configure:3796: $? = 0
configure:3799: test -s conftest
configure:3802: $? = 0
configure:3812: result: yes
configure:3756: checking for strncasecmp
configure:3793: gcc -o conftest    conftest.c  >&5
configure:3771: warning: conflicting types for built-in function 'strncasecmp'
configure:3796: $? = 0
configure:3799: test -s conftest
configure:3802: $? = 0
configure:3812: result: yes
configure:3756: checking for strstr
configure:3793: gcc -o conftest    conftest.c  >&5
configure:3771: warning: conflicting types for built-in function 'strstr'
configure:3796: $? = 0
configure:3799: test -s conftest
configure:3802: $? = 0
configure:3812: result: yes
configure:3756: checking for strtol
configure:3793: gcc -o conftest    conftest.c  >&5
configure:3796: $? = 0
configure:3799: test -s conftest
configure:3802: $? = 0
configure:3812: result: yes
configure:3927: creating ./config.status

## ---------------------- ##
## Running config.status. ##
## ---------------------- ##

This file was extended by config.status, which was
generated by GNU Autoconf 2.54.  Invocation command line was

  CONFIG_FILES    = 
  CONFIG_HEADERS  = 
  CONFIG_LINKS    = 
  CONFIG_COMMANDS = 
  $ ./config.status 

on ashaka

config.status:596: creating Makefile
config.status:596: creating src/Makefile
config.status:596: creating examples/Makefile
config.status:596: creating help/Makefile
config.status:596: creating libwebserver-config
config.status:699: creating include/config.h
config.status:872: include/config.h is unchanged

## ---------------- ##
## Cache variables. ##
## ---------------- ##

ac_cv_c_compiler_gnu=yes
ac_cv_c_const=yes
ac_cv_env_CC_set=
ac_cv_env_CC_value=
ac_cv_env_CFLAGS_set=
ac_cv_env_CFLAGS_value=
ac_cv_env_CPPFLAGS_set=
ac_cv_env_CPPFLAGS_value=
ac_cv_env_CPP_set=
ac_cv_env_CPP_value=
ac_cv_env_LDFLAGS_set=
ac_cv_env_LDFLAGS_value=
ac_cv_env_build_alias_set=
ac_cv_env_build_alias_value=
ac_cv_env_host_alias_set=
ac_cv_env_host_alias_value=
ac_cv_env_target_alias_set=
ac_cv_env_target_alias_value=
ac_cv_exeext=
ac_cv_func__doprnt=no
ac_cv_func_inet_ntoa=yes
ac_cv_func_malloc_works=yes
ac_cv_func_memcmp_working=yes
ac_cv_func_memset=yes
ac_cv_func_realloc_works=yes
ac_cv_func_select=yes
ac_cv_func_socket=yes
ac_cv_func_strchr=yes
ac_cv_func_strerror=yes
ac_cv_func_strftime=yes
ac_cv_func_strncasecmp=yes
ac_cv_func_strstr=yes
ac_cv_func_strtol=yes
ac_cv_func_vprintf=yes
ac_cv_header_arpa_inet_h=yes
ac_cv_header_fcntl_h=yes
ac_cv_header_inttypes_h=yes
ac_cv_header_limits_h=yes
ac_cv_header_memory_h=yes
ac_cv_header_netinet_in_h=yes
ac_cv_header_stdc=yes
ac_cv_header_stddef_h=yes
ac_cv_header_stdint_h=yes
ac_cv_header_stdlib_h=yes
ac_cv_header_string_h=yes
ac_cv_header_strings_h=yes
ac_cv_header_sys_socket_h=yes
ac_cv_header_sys_stat_h=yes
ac_cv_header_sys_time_h=yes
ac_cv_header_sys_types_h=yes
ac_cv_header_time=yes
ac_cv_header_unistd_h=yes
ac_cv_objext=o
ac_cv_prog_CPP='gcc -E'
ac_cv_prog_ac_ct_CC=gcc
ac_cv_prog_ac_ct_RANLIB=ranlib
ac_cv_prog_cc_g=yes
ac_cv_prog_cc_stdc=
ac_cv_prog_egrep='grep -E'
ac_cv_prog_make_make_set=yes
ac_cv_struct_tm=time.h
ac_cv_type_signal=void
ac_cv_type_size_t=yes

## ----------------- ##
## Output variables. ##
## ----------------- ##

CC='gcc'
CFLAGS=''
CPP='gcc -E'
CPPFLAGS=''
DEFS='-DHAVE_CONFIG_H'
ECHO_C=''
ECHO_N='-n'
ECHO_T=''
EGREP='grep -E'
EXEEXT=''
INCLUDE=''
LDFLAGS=''
LIBDIR=''
LIBOBJS=''
LIBS=''
LTLIBOBJS=''
OBJEXT='o'
OPENSSLDIR=''
PACKAGE_BUGREPORT=''
PACKAGE_NAME=''
PACKAGE_STRING=''
PACKAGE_TARNAME=''
PACKAGE_VERSION=''
PATH_SEPARATOR=':'
RANLIB='ranlib'
RELEASE='0.5.3'
SET_MAKE=''
SHELL='/bin/bash'
VERSION='libwebserver v0.5.3'
ac_ct_CC='gcc'
ac_ct_RANLIB='ranlib'
bindir='${exec_prefix}/bin'
build_alias=''
datadir='${prefix}/share'
exec_prefix='${prefix}'
host_alias=''
includedir='${prefix}/include'
infodir='${prefix}/info'
libdir='${exec_prefix}/lib'
libexecdir='${exec_prefix}/libexec'
localstatedir='${prefix}/var'
mandir='${prefix}/man'
oldincludedir='/usr/include'
prefix='/usr/local'
program_transform_name='s,x,x,'
sbindir='${exec_prefix}/sbin'
sharedstatedir='${prefix}/com'
sysconfdir='${prefix}/etc'
target_alias=''

## ----------- ##
## confdefs.h. ##
## ----------- ##

#define HAVE_ARPA_INET_H 1
#define HAVE_FCNTL_H 1
#define HAVE_INET_NTOA 1
#define HAVE_INTTYPES_H 1
#define HAVE_LIMITS_H 1
#define HAVE_MALLOC 1
#define HAVE_MEMORY_H 1
#define HAVE_MEMSET 1
#define HAVE_NETINET_IN_H 1
#define HAVE_REALLOC 1
#define HAVE_SELECT 1
#define HAVE_SOCKET 1
#define HAVE_STDDEF_H 1
#define HAVE_STDINT_H 1
#define HAVE_STDLIB_H 1
#define HAVE_STDLIB_H 1
#define HAVE_STDLIB_H 1
#define HAVE_STDLIB_H 1
#define HAVE_STRCHR 1
#define HAVE_STRERROR 1
#define HAVE_STRFTIME 1
#define HAVE_STRINGS_H 1
#define HAVE_STRING_H 1
#define HAVE_STRING_H 1
#define HAVE_STRNCASECMP 1
#define HAVE_STRSTR 1
#define HAVE_STRTOL 1
#define HAVE_SYS_SOCKET_H 1
#define HAVE_SYS_STAT_H 1
#define HAVE_SYS_TIME_H 1
#define HAVE_SYS_TYPES_H 1
#define HAVE_UNISTD_H 1
#define HAVE_UNISTD_H 1
#define HAVE_VPRINTF 1
#define PACKAGE_BUGREPORT ""
#define PACKAGE_NAME ""
#define PACKAGE_STRING ""
#define PACKAGE_TARNAME ""
#define PACKAGE_VERSION ""
#define RETSIGTYPE void
#define STDC_HEADERS 1
#define TIME_WITH_SYS_TIME 1

configure: exit 0
